


ARM Macro Assembler    Page 1 


    1 00000000         ;/******************************************************
                       ***********************
    2 00000000         ; * @file:    startup_LPC177x_8x.s
    3 00000000         ; * @purpose: CMSIS Cortex-M3 Core Device Startup File
    4 00000000         ; *           for the NXP LPC177x_8x Device Series
    5 00000000         ; * @version: V1.0
    6 00000000         ; * @date:    25. Nov. 2008
    7 00000000         ; *------- <<< Use Configuration Wizard in Context Menu 
                       >>> ------------------
    8 00000000         ; *
    9 00000000         ; * Copyright (C) 2008 ARM Limited. All rights reserved.
                       
   10 00000000         ; * ARM Limited (ARM) is supplying this software for use
                        with Cortex-M3
   11 00000000         ; * processor based microcontrollers.  This file can be 
                       freely distributed
   12 00000000         ; * within development tools that are supporting such AR
                       M based processors.
   13 00000000         ; *
   14 00000000         ; * THIS SOFTWARE IS PROVIDED "AS IS".  NO WARRANTIES, W
                       HETHER EXPRESS, IMPLIED
   15 00000000         ; * OR STATUTORY, INCLUDING, BUT NOT LIMITED TO, IMPLIED
                        WARRANTIES OF
   16 00000000         ; * MERCHANTABILITY AND FITNESS FOR A PARTICULAR PURPOSE
                        APPLY TO THIS SOFTWARE.
   17 00000000         ; * ARM SHALL NOT, IN ANY CIRCUMSTANCES, BE LIABLE FOR S
                       PECIAL, INCIDENTAL, OR
   18 00000000         ; * CONSEQUENTIAL DAMAGES, FOR ANY REASON WHATSOEVER.
   19 00000000         ; *
   20 00000000         ; ******************************************************
                       ***********************/
   21 00000000         
   22 00000000         
   23 00000000         ; <h> Stack Configuration
   24 00000000         ;   <o> Stack Size (in Bytes) <0x0-0xFFFFFFFF:8>
   25 00000000         ; </h>
   26 00000000         
   27 00000000 00000800 
                       Stack_Size
                               EQU              0x00000800
   28 00000000         
   29 00000000                 AREA             STACK, NOINIT, READWRITE, ALIGN
=3
   30 00000000         Stack_Mem
                               SPACE            Stack_Size
   31 00000800         __initial_sp
   32 00000800         
   33 00000800         
   34 00000800         ; <h> Heap Configuration
   35 00000800         ;   <o>  Heap Size (in Bytes) <0x0-0xFFFFFFFF:8>
   36 00000800         ; </h>
   37 00000800         
   38 00000800 00070000 
                       Heap_Size
                               EQU              0x00070000  ; 458,752 bytes
   39 00000800         
   40 00000800                 AREA             HEAP, NOINIT, READWRITE, ALIGN=
3
   41 00000000         __heap_base



ARM Macro Assembler    Page 2 


   42 00000000         Heap_Mem
                               SPACE            Heap_Size
   43 00070000         __heap_limit
   44 00070000         
   45 00070000         
   46 00070000                 PRESERVE8
   47 00070000                 THUMB
   48 00070000         
   49 00070000         
   50 00070000         ; Vector Table Mapped to Address 0 at Reset
   51 00070000         
   52 00070000                 AREA             RESET, DATA, READONLY
   53 00000000                 EXPORT           __Vectors
   54 00000000                 IMPORT           xPortSysTickHandler
   55 00000000                 IMPORT           vPortSVCHandler
   56 00000000                 IMPORT           xPortPendSVHandler
   57 00000000         
   58 00000000 00000000 
                       __Vectors
                               DCD              __initial_sp ; Top of Stack
   59 00000004 00000000        DCD              Reset_Handler ; Reset Handler
   60 00000008 00000000        DCD              NMI_Handler ; NMI Handler
   61 0000000C 00000000        DCD              HardFault_Handler ; Hard Fault 
                                                            Handler
   62 00000010 00000000        DCD              MemManage_Handler 
                                                            ; MPU Fault Handler
                                                            
   63 00000014 00000000        DCD              BusFault_Handler 
                                                            ; Bus Fault Handler
                                                            
   64 00000018 00000000        DCD              UsageFault_Handler ; Usage Faul
                                                            t Handler
   65 0000001C 00000000        DCD              0           ; Reserved
   66 00000020 00000000        DCD              0           ; Reserved
   67 00000024 00000000        DCD              0           ; Reserved
   68 00000028 00000000        DCD              0           ; Reserved
   69 0000002C 00000000        DCD              vPortSVCHandler ;SVC_Handler   
                                                                        ; SVCal
                                                            l Handler
   70 00000030 00000000        DCD              DebugMon_Handler ; Debug Monito
                                                            r Handler
   71 00000034 00000000        DCD              0           ; Reserved
   72 00000038 00000000        DCD              xPortPendSVHandler ;PendSV_Hand
                                                            ler            ; Pe
                                                            ndSV Handler
   73 0000003C 00000000        DCD              xPortSysTickHandler ;SysTick_Ha
                                                            ndler           ; S
                                                            ysTick Handler
   74 00000040         
   75 00000040         ; External Interrupts
   76 00000040 00000000        DCD              WDT_IRQHandler ; 16: Watchdog T
                                                            imer
   77 00000044 00000000        DCD              TIMER0_IRQHandler ; 17: Timer0
   78 00000048 00000000        DCD              TIMER1_IRQHandler ; 18: Timer1
   79 0000004C 00000000        DCD              TIMER2_IRQHandler ; 19: Timer2
   80 00000050 00000000        DCD              TIMER3_IRQHandler ; 20: Timer3
   81 00000054 00000000        DCD              UART0_IRQHandler ; 21: UART0
   82 00000058 00000000        DCD              UART1_IRQHandler ; 22: UART1
   83 0000005C 00000000        DCD              UART2_IRQHandler ; 23: UART2



ARM Macro Assembler    Page 3 


   84 00000060 00000000        DCD              UART3_IRQHandler ; 24: UART3
   85 00000064 00000000        DCD              PWM1_IRQHandler ; 25: PWM1
   86 00000068 00000000        DCD              I2C0_IRQHandler ; 26: I2C0
   87 0000006C 00000000        DCD              I2C1_IRQHandler ; 27: I2C1
   88 00000070 00000000        DCD              I2C2_IRQHandler ; 28: I2C2
   89 00000074 00000000        DCD              SPIFI_IRQHandler ; 29: SPIFI
   90 00000078 00000000        DCD              SSP0_IRQHandler ; 30: SSP0
   91 0000007C 00000000        DCD              SSP1_IRQHandler ; 31: SSP1
   92 00000080 00000000        DCD              PLL0_IRQHandler ; 32: PLL0 Lock
                                                             (Main PLL)
   93 00000084 00000000        DCD              RTC_IRQHandler ; 33: Real Time 
                                                            Clock
   94 00000088 00000000        DCD              EINT0_IRQHandler ; 34: External
                                                             Interrupt 0
   95 0000008C 00000000        DCD              EINT1_IRQHandler ; 35: External
                                                             Interrupt 1
   96 00000090 00000000        DCD              EINT2_IRQHandler ; 36: External
                                                             Interrupt 2
   97 00000094 00000000        DCD              EINT3_IRQHandler ; 37: External
                                                             Interrupt 3
   98 00000098 00000000        DCD              ADC_IRQHandler 
                                                            ; 38: A/D Converter
                                                            
   99 0000009C 00000000        DCD              BOD_IRQHandler ; 39: Brown-Out 
                                                            Detect
  100 000000A0 00000000        DCD              USB_IRQHandler ; 40: USB
  101 000000A4 00000000        DCD              CAN_IRQHandler ; 41: CAN
  102 000000A8 00000000        DCD              GPDMA_IRQHandler ; 42: General 
                                                            Purpose DMA
  103 000000AC 00000000        DCD              I2S_IRQHandler ; 43: I2S
  104 000000B0 00000000        DCD              ENET_IRQHandler ; 44: Ethernet
  105 000000B4 00000000        DCD              MCI_IRQHandler ; 45: SD/MMC car
                                                            d I/F
  106 000000B8 00000000        DCD              MCPWM_IRQHandler ; 46: Motor Co
                                                            ntrol PWM
  107 000000BC 00000000        DCD              QEI_IRQHandler ; 47: Quadrature
                                                             Encoder Interface
  108 000000C0 00000000        DCD              PLL1_IRQHandler ; 48: PLL1 Lock
                                                             (USB PLL)
  109 000000C4 00000000        DCD              USBACT_IRQHandler ; 49: USB Act
                                                            ivity interrupt to 
                                                            wakeup
  110 000000C8 00000000        DCD              CANACT_IRQHandler ; 50: CAN Act
                                                            ivity interrupt to 
                                                            wakeup
  111 000000CC 00000000        DCD              UART4_IRQHandler ; 51: UART4
  112 000000D0 00000000        DCD              SSP2_IRQHandler ; 52: SSP2
  113 000000D4 00000000        DCD              LCD_IRQHandler ; 53: LCD
  114 000000D8 00000000        DCD              GPIO_IRQHandler ; 54: GPIO
  115 000000DC 00000000        DCD              PWM0_IRQHandler ; 55: PWM0
  116 000000E0 00000000        DCD              KFLASH_IRQHandler 
                                                            ; 56: KFLASH SHELL
  117 000000E4         
  118 000000E4         
  119 000000E4                 IF               :LNOT::DEF:NO_CRP
  120 000000E4                 AREA             |.ARM.__at_0x02FC|, CODE, READO
NLY
  121 00000000 FFFFFFFF 
                       CRP_Key DCD              0xFFFFFFFF



ARM Macro Assembler    Page 4 


  122 00000004                 ENDIF
  123 00000004         
  124 00000004         
  125 00000004                 AREA             |.text|, CODE, READONLY
  126 00000000         
  127 00000000         
  128 00000000         ; Reset Handler
  129 00000000         
  130 00000000         Reset_Handler
                               PROC
  131 00000000                 EXPORT           Reset_Handler             [WEAK
]
  132 00000000                 IMPORT           __main
  133 00000000                 IMPORT           SystemInit
  134 00000000 4828            LDR              R0, =SystemInit
  135 00000002 4780            BLX              R0
  136 00000004 4828            LDR              R0, =__main
  137 00000006 4700            BX               R0
  138 00000008                 ENDP
  139 00000008         
  140 00000008         
  141 00000008         ; Dummy Exception Handlers (infinite loops which can be 
                       modified)
  142 00000008         
  143 00000008                 IMPORT           UEZBSP_FatalError
  144 00000008         NMI_Handler
                               PROC
  145 00000008         ;EXPORT  NMI_Handler               [WEAK]
  146 00000008 F04F 0004       MOV              R0 , #4
  147 0000000C F7FF BFFE       B                UEZBSP_FatalError ;.
  148 00000010                 ENDP
  150 00000010         HardFault_Handler
                               PROC
  151 00000010         ;EXPORT  HardFault_Handler         [WEAK]
  152 00000010 F04F 0005       MOV              R0 , #5
  153 00000014 F7FF BFFE       B                UEZBSP_FatalError ;.
  154 00000018                 ENDP
  156 00000018         MemManage_Handler
                               PROC
  157 00000018         ;EXPORT  MemManage_Handler         [WEAK]
  158 00000018 F04F 0006       MOV              R0 , #6
  159 0000001C F7FF BFFE       B                UEZBSP_FatalError ;.
  160 00000020                 ENDP
  162 00000020         BusFault_Handler
                               PROC
  163 00000020         ;EXPORT  BusFault_Handler          [WEAK]
  164 00000020 F04F 0007       MOV              R0 , #7
  165 00000024 F7FF BFFE       B                UEZBSP_FatalError ;.
  166 00000028                 ENDP
  168 00000028         UsageFault_Handler
                               PROC
  169 00000028         ;EXPORT  UsageFault_Handler        [WEAK]
  170 00000028 F04F 0008       MOV              R0 , #8
  171 0000002C F7FF BFFE       B                UEZBSP_FatalError ;.
  172 00000030                 ENDP
  173 00000030         SVC_Handler
                               PROC
  174 00000030         ;EXPORT  SVC_Handler               [WEAK]
  175 00000030 F04F 0009       MOV              R0 , #9



ARM Macro Assembler    Page 5 


  176 00000034 F7FF BFFE       B                UEZBSP_FatalError ;.
  177 00000038                 ENDP
  179 00000038         DebugMon_Handler
                               PROC
  180 00000038         ;EXPORT  DebugMon_Handler          [WEAK]
  181 00000038 F04F 000A       MOV              R0 , #10
  182 0000003C F7FF BFFE       B                UEZBSP_FatalError ;.
  183 00000040                 ENDP
  184 00000040         PendSV_Handler
                               PROC
  185 00000040         ;EXPORT  PendSV_Handler            [WEAK]
  186 00000040 F04F 000B       MOV              R0 , #11
  187 00000044 F7FF BFFE       B                UEZBSP_FatalError ;.
  188 00000048                 ENDP
  189 00000048         SysTick_Handler
                               PROC
  190 00000048         ;EXPORT  SysTick_Handler           [WEAK]
  191 00000048 F04F 000C       MOV              R0 , #12
  192 0000004C F7FF BFFE       B                UEZBSP_FatalError ;.
  193 00000050                 ENDP
  194 00000050         
  195 00000050         Default_Handler
                               PROC
  196 00000050         
  197 00000050                 EXPORT           WDT_IRQHandler            [WEAK
]
  198 00000050                 EXPORT           TIMER0_IRQHandler         [WEAK
]
  199 00000050                 EXPORT           TIMER1_IRQHandler         [WEAK
]
  200 00000050                 EXPORT           TIMER2_IRQHandler         [WEAK
]
  201 00000050                 EXPORT           TIMER3_IRQHandler         [WEAK
]
  202 00000050                 EXPORT           UART0_IRQHandler          [WEAK
]
  203 00000050                 EXPORT           UART1_IRQHandler          [WEAK
]
  204 00000050                 EXPORT           UART2_IRQHandler          [WEAK
]
  205 00000050                 EXPORT           UART3_IRQHandler          [WEAK
]
  206 00000050                 EXPORT           PWM1_IRQHandler           [WEAK
]
  207 00000050                 EXPORT           I2C0_IRQHandler           [WEAK
]
  208 00000050                 EXPORT           I2C1_IRQHandler           [WEAK
]
  209 00000050                 EXPORT           I2C2_IRQHandler           [WEAK
]
  210 00000050                 EXPORT           SPIFI_IRQHandler          [WEAK
]
  211 00000050                 EXPORT           SSP0_IRQHandler           [WEAK
]
  212 00000050                 EXPORT           SSP1_IRQHandler           [WEAK
]
  213 00000050                 EXPORT           PLL0_IRQHandler           [WEAK
]
  214 00000050                 EXPORT           RTC_IRQHandler            [WEAK



ARM Macro Assembler    Page 6 


]
  215 00000050                 EXPORT           EINT0_IRQHandler          [WEAK
]
  216 00000050                 EXPORT           EINT1_IRQHandler          [WEAK
]
  217 00000050                 EXPORT           EINT2_IRQHandler          [WEAK
]
  218 00000050                 EXPORT           EINT3_IRQHandler          [WEAK
]
  219 00000050                 EXPORT           ADC_IRQHandler            [WEAK
]
  220 00000050                 EXPORT           BOD_IRQHandler            [WEAK
]
  221 00000050                 EXPORT           USB_IRQHandler            [WEAK
]
  222 00000050                 EXPORT           CAN_IRQHandler            [WEAK
]
  223 00000050                 EXPORT           GPDMA_IRQHandler          [WEAK
]
  224 00000050                 EXPORT           I2S_IRQHandler            [WEAK
]
  225 00000050                 EXPORT           ENET_IRQHandler           [WEAK
]
  226 00000050                 EXPORT           MCI_IRQHandler            [WEAK
]
  227 00000050                 EXPORT           MCPWM_IRQHandler          [WEAK
]
  228 00000050                 EXPORT           QEI_IRQHandler            [WEAK
]
  229 00000050                 EXPORT           PLL1_IRQHandler           [WEAK
]
  230 00000050                 EXPORT           USBACT_IRQHandler         [WEAK
]
  231 00000050                 EXPORT           CANACT_IRQHandler         [WEAK
]
  232 00000050                 EXPORT           UART4_IRQHandler          [WEAK
]
  233 00000050                 EXPORT           SSP2_IRQHandler           [WEAK
]
  234 00000050                 EXPORT           LCD_IRQHandler            [WEAK
]
  235 00000050                 EXPORT           GPIO_IRQHandler           [WEAK
]
  236 00000050                 EXPORT           PWM0_IRQHandler           [WEAK
]
  237 00000050                 EXPORT           KFLASH_IRQHandler         [WEAK
]
  238 00000050         
  239 00000050         WDT_IRQHandler
  240 00000050 E7FE            B                .
  241 00000052         TIMER0_IRQHandler
  242 00000052 E7FE            B                .
  243 00000054         TIMER1_IRQHandler
  244 00000054 E7FE            B                .
  245 00000056         TIMER2_IRQHandler
  246 00000056 E7FE            B                .
  247 00000058         TIMER3_IRQHandler
  248 00000058 E7FE            B                .
  249 0000005A         UART0_IRQHandler



ARM Macro Assembler    Page 7 


  250 0000005A E7FE            B                .
  251 0000005C         UART1_IRQHandler
  252 0000005C E7FE            B                .
  253 0000005E         UART2_IRQHandler
  254 0000005E E7FE            B                .
  255 00000060         UART3_IRQHandler
  256 00000060 E7FE            B                .
  257 00000062         PWM1_IRQHandler
  258 00000062 E7FE            B                .
  259 00000064         I2C0_IRQHandler
  260 00000064 E7FE            B                .
  261 00000066         I2C1_IRQHandler
  262 00000066 E7FE            B                .
  263 00000068         I2C2_IRQHandler
  264 00000068 E7FE            B                .
  265 0000006A         SPIFI_IRQHandler
  266 0000006A E7FE            B                .
  267 0000006C         SSP0_IRQHandler
  268 0000006C E7FE            B                .
  269 0000006E         SSP1_IRQHandler
  270 0000006E E7FE            B                .
  271 00000070         PLL0_IRQHandler
  272 00000070 E7FE            B                .
  273 00000072         RTC_IRQHandler
  274 00000072 E7FE            B                .
  275 00000074         EINT0_IRQHandler
  276 00000074 E7FE            B                .
  277 00000076         EINT1_IRQHandler
  278 00000076 E7FE            B                .
  279 00000078         EINT2_IRQHandler
  280 00000078 E7FE            B                .
  281 0000007A         EINT3_IRQHandler
  282 0000007A E7FE            B                .
  283 0000007C         ADC_IRQHandler
  284 0000007C E7FE            B                .
  285 0000007E         BOD_IRQHandler
  286 0000007E E7FE            B                .
  287 00000080         USB_IRQHandler
  288 00000080 E7FE            B                .
  289 00000082         CAN_IRQHandler
  290 00000082 E7FE            B                .
  291 00000084         GPDMA_IRQHandler
  292 00000084 E7FE            B                .
  293 00000086         I2S_IRQHandler
  294 00000086 E7FE            B                .
  295 00000088         ENET_IRQHandler
  296 00000088 E7FE            B                .
  297 0000008A         MCI_IRQHandler
  298 0000008A E7FE            B                .
  299 0000008C         MCPWM_IRQHandler
  300 0000008C E7FE            B                .
  301 0000008E         QEI_IRQHandler
  302 0000008E E7FE            B                .
  303 00000090         PLL1_IRQHandler
  304 00000090 E7FE            B                .
  305 00000092         USBACT_IRQHandler
  306 00000092 E7FE            B                .
  307 00000094         CANACT_IRQHandler
  308 00000094 E7FE            B                .



ARM Macro Assembler    Page 8 


  309 00000096         UART4_IRQHandler
  310 00000096 E7FE            B                .
  311 00000098         SSP2_IRQHandler
  312 00000098 E7FE            B                .
  313 0000009A         LCD_IRQHandler
  314 0000009A E7FE            B                .
  315 0000009C         GPIO_IRQHandler
  316 0000009C E7FE            B                .
  317 0000009E         PWM0_IRQHandler
  318 0000009E E7FE            B                .
  319 000000A0         KFLASH_IRQHandler
  320 000000A0         
  321 000000A0 E7FE            B                .
  322 000000A2         
  323 000000A2                 ENDP
  324 000000A2         
  325 000000A2         
  326 000000A2 00 00           ALIGN
  327 000000A4         
  328 000000A4         
  329 000000A4         ; User Initial Stack & Heap
  330 000000A4         
  331 000000A4                 IF               :DEF:__MICROLIB
  332 000000A4         
  333 000000A4                 EXPORT           __initial_sp
  334 000000A4                 EXPORT           __heap_base
  335 000000A4                 EXPORT           __heap_limit
  336 000000A4         
  337 000000A4                 ELSE
  351                          ENDIF
  352 000000A4         
  353 000000A4         
  354 000000A4                 END
              00000000 
              00000000 
Command Line: --debug --xref --cpu=Cortex-M3 --apcs=interwork --depend=.\releas
e\lpc1788_startup.d -o.\release\lpc1788_startup.o -IC:\Keil\ARM\RV31\INC -IC:\K
eil\ARM\CMSIS\Include -IC:\Keil\ARM\Inc\NXP\LPC177x_8x --predefine="__MICROLIB 
SETA 1" --list=.\lpc1788_startup.lst ..\..\..\..\..\..\Source\Processor\NXP\LPC
17xx_40xx\Keil4\LPC1788_startup.s



ARM Macro Assembler    Page 1 Alphabetic symbol ordering
Relocatable symbols

STACK 00000000

Symbol: STACK
   Definitions
      At line 29 in file ..\..\..\..\..\..\Source\Processor\NXP\LPC17xx_40xx\Ke
il4\LPC1788_startup.s
   Uses
      None
Comment: STACK unused
Stack_Mem 00000000

Symbol: Stack_Mem
   Definitions
      At line 30 in file ..\..\..\..\..\..\Source\Processor\NXP\LPC17xx_40xx\Ke
il4\LPC1788_startup.s
   Uses
      None
Comment: Stack_Mem unused
__initial_sp 00000800

Symbol: __initial_sp
   Definitions
      At line 31 in file ..\..\..\..\..\..\Source\Processor\NXP\LPC17xx_40xx\Ke
il4\LPC1788_startup.s
   Uses
      At line 58 in file ..\..\..\..\..\..\Source\Processor\NXP\LPC17xx_40xx\Ke
il4\LPC1788_startup.s
      At line 333 in file ..\..\..\..\..\..\Source\Processor\NXP\LPC17xx_40xx\K
eil4\LPC1788_startup.s

3 symbols



ARM Macro Assembler    Page 1 Alphabetic symbol ordering
Relocatable symbols

HEAP 00000000

Symbol: HEAP
   Definitions
      At line 40 in file ..\..\..\..\..\..\Source\Processor\NXP\LPC17xx_40xx\Ke
il4\LPC1788_startup.s
   Uses
      None
Comment: HEAP unused
Heap_Mem 00000000

Symbol: Heap_Mem
   Definitions
      At line 42 in file ..\..\..\..\..\..\Source\Processor\NXP\LPC17xx_40xx\Ke
il4\LPC1788_startup.s
   Uses
      None
Comment: Heap_Mem unused
__heap_base 00000000

Symbol: __heap_base
   Definitions
      At line 41 in file ..\..\..\..\..\..\Source\Processor\NXP\LPC17xx_40xx\Ke
il4\LPC1788_startup.s
   Uses
      At line 334 in file ..\..\..\..\..\..\Source\Processor\NXP\LPC17xx_40xx\K
eil4\LPC1788_startup.s
Comment: __heap_base used once
__heap_limit 00070000

Symbol: __heap_limit
   Definitions
      At line 43 in file ..\..\..\..\..\..\Source\Processor\NXP\LPC17xx_40xx\Ke
il4\LPC1788_startup.s
   Uses
      At line 335 in file ..\..\..\..\..\..\Source\Processor\NXP\LPC17xx_40xx\K
eil4\LPC1788_startup.s
Comment: __heap_limit used once
4 symbols



ARM Macro Assembler    Page 1 Alphabetic symbol ordering
Relocatable symbols

RESET 00000000

Symbol: RESET
   Definitions
      At line 52 in file ..\..\..\..\..\..\Source\Processor\NXP\LPC17xx_40xx\Ke
il4\LPC1788_startup.s
   Uses
      None
Comment: RESET unused
__Vectors 00000000

Symbol: __Vectors
   Definitions
      At line 58 in file ..\..\..\..\..\..\Source\Processor\NXP\LPC17xx_40xx\Ke
il4\LPC1788_startup.s
   Uses
      At line 53 in file ..\..\..\..\..\..\Source\Processor\NXP\LPC17xx_40xx\Ke
il4\LPC1788_startup.s
Comment: __Vectors used once
2 symbols



ARM Macro Assembler    Page 1 Alphabetic symbol ordering
Relocatable symbols

.ARM.__at_0x02FC 00000000

Symbol: .ARM.__at_0x02FC
   Definitions
      At line 120 in file ..\..\..\..\..\..\Source\Processor\NXP\LPC17xx_40xx\K
eil4\LPC1788_startup.s
   Uses
      None
Comment: .ARM.__at_0x02FC unused
CRP_Key 00000000

Symbol: CRP_Key
   Definitions
      At line 121 in file ..\..\..\..\..\..\Source\Processor\NXP\LPC17xx_40xx\K
eil4\LPC1788_startup.s
   Uses
      None
Comment: CRP_Key unused
2 symbols



ARM Macro Assembler    Page 1 Alphabetic symbol ordering
Relocatable symbols

.text 00000000

Symbol: .text
   Definitions
      At line 125 in file ..\..\..\..\..\..\Source\Processor\NXP\LPC17xx_40xx\K
eil4\LPC1788_startup.s
   Uses
      None
Comment: .text unused
ADC_IRQHandler 0000007C

Symbol: ADC_IRQHandler
   Definitions
      At line 283 in file ..\..\..\..\..\..\Source\Processor\NXP\LPC17xx_40xx\K
eil4\LPC1788_startup.s
   Uses
      At line 98 in file ..\..\..\..\..\..\Source\Processor\NXP\LPC17xx_40xx\Ke
il4\LPC1788_startup.s
      At line 219 in file ..\..\..\..\..\..\Source\Processor\NXP\LPC17xx_40xx\K
eil4\LPC1788_startup.s

BOD_IRQHandler 0000007E

Symbol: BOD_IRQHandler
   Definitions
      At line 285 in file ..\..\..\..\..\..\Source\Processor\NXP\LPC17xx_40xx\K
eil4\LPC1788_startup.s
   Uses
      At line 99 in file ..\..\..\..\..\..\Source\Processor\NXP\LPC17xx_40xx\Ke
il4\LPC1788_startup.s
      At line 220 in file ..\..\..\..\..\..\Source\Processor\NXP\LPC17xx_40xx\K
eil4\LPC1788_startup.s

BusFault_Handler 00000020

Symbol: BusFault_Handler
   Definitions
      At line 162 in file ..\..\..\..\..\..\Source\Processor\NXP\LPC17xx_40xx\K
eil4\LPC1788_startup.s
   Uses
      At line 63 in file ..\..\..\..\..\..\Source\Processor\NXP\LPC17xx_40xx\Ke
il4\LPC1788_startup.s
Comment: BusFault_Handler used once
CANACT_IRQHandler 00000094

Symbol: CANACT_IRQHandler
   Definitions
      At line 307 in file ..\..\..\..\..\..\Source\Processor\NXP\LPC17xx_40xx\K
eil4\LPC1788_startup.s
   Uses
      At line 110 in file ..\..\..\..\..\..\Source\Processor\NXP\LPC17xx_40xx\K
eil4\LPC1788_startup.s
      At line 231 in file ..\..\..\..\..\..\Source\Processor\NXP\LPC17xx_40xx\K
eil4\LPC1788_startup.s

CAN_IRQHandler 00000082

Symbol: CAN_IRQHandler
   Definitions



ARM Macro Assembler    Page 2 Alphabetic symbol ordering
Relocatable symbols

      At line 289 in file ..\..\..\..\..\..\Source\Processor\NXP\LPC17xx_40xx\K
eil4\LPC1788_startup.s
   Uses
      At line 101 in file ..\..\..\..\..\..\Source\Processor\NXP\LPC17xx_40xx\K
eil4\LPC1788_startup.s
      At line 222 in file ..\..\..\..\..\..\Source\Processor\NXP\LPC17xx_40xx\K
eil4\LPC1788_startup.s

DebugMon_Handler 00000038

Symbol: DebugMon_Handler
   Definitions
      At line 179 in file ..\..\..\..\..\..\Source\Processor\NXP\LPC17xx_40xx\K
eil4\LPC1788_startup.s
   Uses
      At line 70 in file ..\..\..\..\..\..\Source\Processor\NXP\LPC17xx_40xx\Ke
il4\LPC1788_startup.s
Comment: DebugMon_Handler used once
Default_Handler 00000050

Symbol: Default_Handler
   Definitions
      At line 195 in file ..\..\..\..\..\..\Source\Processor\NXP\LPC17xx_40xx\K
eil4\LPC1788_startup.s
   Uses
      None
Comment: Default_Handler unused
EINT0_IRQHandler 00000074

Symbol: EINT0_IRQHandler
   Definitions
      At line 275 in file ..\..\..\..\..\..\Source\Processor\NXP\LPC17xx_40xx\K
eil4\LPC1788_startup.s
   Uses
      At line 94 in file ..\..\..\..\..\..\Source\Processor\NXP\LPC17xx_40xx\Ke
il4\LPC1788_startup.s
      At line 215 in file ..\..\..\..\..\..\Source\Processor\NXP\LPC17xx_40xx\K
eil4\LPC1788_startup.s

EINT1_IRQHandler 00000076

Symbol: EINT1_IRQHandler
   Definitions
      At line 277 in file ..\..\..\..\..\..\Source\Processor\NXP\LPC17xx_40xx\K
eil4\LPC1788_startup.s
   Uses
      At line 95 in file ..\..\..\..\..\..\Source\Processor\NXP\LPC17xx_40xx\Ke
il4\LPC1788_startup.s
      At line 216 in file ..\..\..\..\..\..\Source\Processor\NXP\LPC17xx_40xx\K
eil4\LPC1788_startup.s

EINT2_IRQHandler 00000078

Symbol: EINT2_IRQHandler
   Definitions
      At line 279 in file ..\..\..\..\..\..\Source\Processor\NXP\LPC17xx_40xx\K
eil4\LPC1788_startup.s
   Uses
      At line 96 in file ..\..\..\..\..\..\Source\Processor\NXP\LPC17xx_40xx\Ke



ARM Macro Assembler    Page 3 Alphabetic symbol ordering
Relocatable symbols

il4\LPC1788_startup.s
      At line 217 in file ..\..\..\..\..\..\Source\Processor\NXP\LPC17xx_40xx\K
eil4\LPC1788_startup.s

EINT3_IRQHandler 0000007A

Symbol: EINT3_IRQHandler
   Definitions
      At line 281 in file ..\..\..\..\..\..\Source\Processor\NXP\LPC17xx_40xx\K
eil4\LPC1788_startup.s
   Uses
      At line 97 in file ..\..\..\..\..\..\Source\Processor\NXP\LPC17xx_40xx\Ke
il4\LPC1788_startup.s
      At line 218 in file ..\..\..\..\..\..\Source\Processor\NXP\LPC17xx_40xx\K
eil4\LPC1788_startup.s

ENET_IRQHandler 00000088

Symbol: ENET_IRQHandler
   Definitions
      At line 295 in file ..\..\..\..\..\..\Source\Processor\NXP\LPC17xx_40xx\K
eil4\LPC1788_startup.s
   Uses
      At line 104 in file ..\..\..\..\..\..\Source\Processor\NXP\LPC17xx_40xx\K
eil4\LPC1788_startup.s
      At line 225 in file ..\..\..\..\..\..\Source\Processor\NXP\LPC17xx_40xx\K
eil4\LPC1788_startup.s

GPDMA_IRQHandler 00000084

Symbol: GPDMA_IRQHandler
   Definitions
      At line 291 in file ..\..\..\..\..\..\Source\Processor\NXP\LPC17xx_40xx\K
eil4\LPC1788_startup.s
   Uses
      At line 102 in file ..\..\..\..\..\..\Source\Processor\NXP\LPC17xx_40xx\K
eil4\LPC1788_startup.s
      At line 223 in file ..\..\..\..\..\..\Source\Processor\NXP\LPC17xx_40xx\K
eil4\LPC1788_startup.s

GPIO_IRQHandler 0000009C

Symbol: GPIO_IRQHandler
   Definitions
      At line 315 in file ..\..\..\..\..\..\Source\Processor\NXP\LPC17xx_40xx\K
eil4\LPC1788_startup.s
   Uses
      At line 114 in file ..\..\..\..\..\..\Source\Processor\NXP\LPC17xx_40xx\K
eil4\LPC1788_startup.s
      At line 235 in file ..\..\..\..\..\..\Source\Processor\NXP\LPC17xx_40xx\K
eil4\LPC1788_startup.s

HardFault_Handler 00000010

Symbol: HardFault_Handler
   Definitions
      At line 150 in file ..\..\..\..\..\..\Source\Processor\NXP\LPC17xx_40xx\K
eil4\LPC1788_startup.s
   Uses



ARM Macro Assembler    Page 4 Alphabetic symbol ordering
Relocatable symbols

      At line 61 in file ..\..\..\..\..\..\Source\Processor\NXP\LPC17xx_40xx\Ke
il4\LPC1788_startup.s
Comment: HardFault_Handler used once
I2C0_IRQHandler 00000064

Symbol: I2C0_IRQHandler
   Definitions
      At line 259 in file ..\..\..\..\..\..\Source\Processor\NXP\LPC17xx_40xx\K
eil4\LPC1788_startup.s
   Uses
      At line 86 in file ..\..\..\..\..\..\Source\Processor\NXP\LPC17xx_40xx\Ke
il4\LPC1788_startup.s
      At line 207 in file ..\..\..\..\..\..\Source\Processor\NXP\LPC17xx_40xx\K
eil4\LPC1788_startup.s

I2C1_IRQHandler 00000066

Symbol: I2C1_IRQHandler
   Definitions
      At line 261 in file ..\..\..\..\..\..\Source\Processor\NXP\LPC17xx_40xx\K
eil4\LPC1788_startup.s
   Uses
      At line 87 in file ..\..\..\..\..\..\Source\Processor\NXP\LPC17xx_40xx\Ke
il4\LPC1788_startup.s
      At line 208 in file ..\..\..\..\..\..\Source\Processor\NXP\LPC17xx_40xx\K
eil4\LPC1788_startup.s

I2C2_IRQHandler 00000068

Symbol: I2C2_IRQHandler
   Definitions
      At line 263 in file ..\..\..\..\..\..\Source\Processor\NXP\LPC17xx_40xx\K
eil4\LPC1788_startup.s
   Uses
      At line 88 in file ..\..\..\..\..\..\Source\Processor\NXP\LPC17xx_40xx\Ke
il4\LPC1788_startup.s
      At line 209 in file ..\..\..\..\..\..\Source\Processor\NXP\LPC17xx_40xx\K
eil4\LPC1788_startup.s

I2S_IRQHandler 00000086

Symbol: I2S_IRQHandler
   Definitions
      At line 293 in file ..\..\..\..\..\..\Source\Processor\NXP\LPC17xx_40xx\K
eil4\LPC1788_startup.s
   Uses
      At line 103 in file ..\..\..\..\..\..\Source\Processor\NXP\LPC17xx_40xx\K
eil4\LPC1788_startup.s
      At line 224 in file ..\..\..\..\..\..\Source\Processor\NXP\LPC17xx_40xx\K
eil4\LPC1788_startup.s

KFLASH_IRQHandler 000000A0

Symbol: KFLASH_IRQHandler
   Definitions
      At line 319 in file ..\..\..\..\..\..\Source\Processor\NXP\LPC17xx_40xx\K
eil4\LPC1788_startup.s
   Uses
      At line 116 in file ..\..\..\..\..\..\Source\Processor\NXP\LPC17xx_40xx\K



ARM Macro Assembler    Page 5 Alphabetic symbol ordering
Relocatable symbols

eil4\LPC1788_startup.s
      At line 237 in file ..\..\..\..\..\..\Source\Processor\NXP\LPC17xx_40xx\K
eil4\LPC1788_startup.s

LCD_IRQHandler 0000009A

Symbol: LCD_IRQHandler
   Definitions
      At line 313 in file ..\..\..\..\..\..\Source\Processor\NXP\LPC17xx_40xx\K
eil4\LPC1788_startup.s
   Uses
      At line 113 in file ..\..\..\..\..\..\Source\Processor\NXP\LPC17xx_40xx\K
eil4\LPC1788_startup.s
      At line 234 in file ..\..\..\..\..\..\Source\Processor\NXP\LPC17xx_40xx\K
eil4\LPC1788_startup.s

MCI_IRQHandler 0000008A

Symbol: MCI_IRQHandler
   Definitions
      At line 297 in file ..\..\..\..\..\..\Source\Processor\NXP\LPC17xx_40xx\K
eil4\LPC1788_startup.s
   Uses
      At line 105 in file ..\..\..\..\..\..\Source\Processor\NXP\LPC17xx_40xx\K
eil4\LPC1788_startup.s
      At line 226 in file ..\..\..\..\..\..\Source\Processor\NXP\LPC17xx_40xx\K
eil4\LPC1788_startup.s

MCPWM_IRQHandler 0000008C

Symbol: MCPWM_IRQHandler
   Definitions
      At line 299 in file ..\..\..\..\..\..\Source\Processor\NXP\LPC17xx_40xx\K
eil4\LPC1788_startup.s
   Uses
      At line 106 in file ..\..\..\..\..\..\Source\Processor\NXP\LPC17xx_40xx\K
eil4\LPC1788_startup.s
      At line 227 in file ..\..\..\..\..\..\Source\Processor\NXP\LPC17xx_40xx\K
eil4\LPC1788_startup.s

MemManage_Handler 00000018

Symbol: MemManage_Handler
   Definitions
      At line 156 in file ..\..\..\..\..\..\Source\Processor\NXP\LPC17xx_40xx\K
eil4\LPC1788_startup.s
   Uses
      At line 62 in file ..\..\..\..\..\..\Source\Processor\NXP\LPC17xx_40xx\Ke
il4\LPC1788_startup.s
Comment: MemManage_Handler used once
NMI_Handler 00000008

Symbol: NMI_Handler
   Definitions
      At line 144 in file ..\..\..\..\..\..\Source\Processor\NXP\LPC17xx_40xx\K
eil4\LPC1788_startup.s
   Uses
      At line 60 in file ..\..\..\..\..\..\Source\Processor\NXP\LPC17xx_40xx\Ke
il4\LPC1788_startup.s



ARM Macro Assembler    Page 6 Alphabetic symbol ordering
Relocatable symbols

Comment: NMI_Handler used once
PLL0_IRQHandler 00000070

Symbol: PLL0_IRQHandler
   Definitions
      At line 271 in file ..\..\..\..\..\..\Source\Processor\NXP\LPC17xx_40xx\K
eil4\LPC1788_startup.s
   Uses
      At line 92 in file ..\..\..\..\..\..\Source\Processor\NXP\LPC17xx_40xx\Ke
il4\LPC1788_startup.s
      At line 213 in file ..\..\..\..\..\..\Source\Processor\NXP\LPC17xx_40xx\K
eil4\LPC1788_startup.s

PLL1_IRQHandler 00000090

Symbol: PLL1_IRQHandler
   Definitions
      At line 303 in file ..\..\..\..\..\..\Source\Processor\NXP\LPC17xx_40xx\K
eil4\LPC1788_startup.s
   Uses
      At line 108 in file ..\..\..\..\..\..\Source\Processor\NXP\LPC17xx_40xx\K
eil4\LPC1788_startup.s
      At line 229 in file ..\..\..\..\..\..\Source\Processor\NXP\LPC17xx_40xx\K
eil4\LPC1788_startup.s

PWM0_IRQHandler 0000009E

Symbol: PWM0_IRQHandler
   Definitions
      At line 317 in file ..\..\..\..\..\..\Source\Processor\NXP\LPC17xx_40xx\K
eil4\LPC1788_startup.s
   Uses
      At line 115 in file ..\..\..\..\..\..\Source\Processor\NXP\LPC17xx_40xx\K
eil4\LPC1788_startup.s
      At line 236 in file ..\..\..\..\..\..\Source\Processor\NXP\LPC17xx_40xx\K
eil4\LPC1788_startup.s

PWM1_IRQHandler 00000062

Symbol: PWM1_IRQHandler
   Definitions
      At line 257 in file ..\..\..\..\..\..\Source\Processor\NXP\LPC17xx_40xx\K
eil4\LPC1788_startup.s
   Uses
      At line 85 in file ..\..\..\..\..\..\Source\Processor\NXP\LPC17xx_40xx\Ke
il4\LPC1788_startup.s
      At line 206 in file ..\..\..\..\..\..\Source\Processor\NXP\LPC17xx_40xx\K
eil4\LPC1788_startup.s

PendSV_Handler 00000040

Symbol: PendSV_Handler
   Definitions
      At line 184 in file ..\..\..\..\..\..\Source\Processor\NXP\LPC17xx_40xx\K
eil4\LPC1788_startup.s
   Uses
      None
Comment: PendSV_Handler unused
QEI_IRQHandler 0000008E



ARM Macro Assembler    Page 7 Alphabetic symbol ordering
Relocatable symbols


Symbol: QEI_IRQHandler
   Definitions
      At line 301 in file ..\..\..\..\..\..\Source\Processor\NXP\LPC17xx_40xx\K
eil4\LPC1788_startup.s
   Uses
      At line 107 in file ..\..\..\..\..\..\Source\Processor\NXP\LPC17xx_40xx\K
eil4\LPC1788_startup.s
      At line 228 in file ..\..\..\..\..\..\Source\Processor\NXP\LPC17xx_40xx\K
eil4\LPC1788_startup.s

RTC_IRQHandler 00000072

Symbol: RTC_IRQHandler
   Definitions
      At line 273 in file ..\..\..\..\..\..\Source\Processor\NXP\LPC17xx_40xx\K
eil4\LPC1788_startup.s
   Uses
      At line 93 in file ..\..\..\..\..\..\Source\Processor\NXP\LPC17xx_40xx\Ke
il4\LPC1788_startup.s
      At line 214 in file ..\..\..\..\..\..\Source\Processor\NXP\LPC17xx_40xx\K
eil4\LPC1788_startup.s

Reset_Handler 00000000

Symbol: Reset_Handler
   Definitions
      At line 130 in file ..\..\..\..\..\..\Source\Processor\NXP\LPC17xx_40xx\K
eil4\LPC1788_startup.s
   Uses
      At line 59 in file ..\..\..\..\..\..\Source\Processor\NXP\LPC17xx_40xx\Ke
il4\LPC1788_startup.s
      At line 131 in file ..\..\..\..\..\..\Source\Processor\NXP\LPC17xx_40xx\K
eil4\LPC1788_startup.s

SPIFI_IRQHandler 0000006A

Symbol: SPIFI_IRQHandler
   Definitions
      At line 265 in file ..\..\..\..\..\..\Source\Processor\NXP\LPC17xx_40xx\K
eil4\LPC1788_startup.s
   Uses
      At line 89 in file ..\..\..\..\..\..\Source\Processor\NXP\LPC17xx_40xx\Ke
il4\LPC1788_startup.s
      At line 210 in file ..\..\..\..\..\..\Source\Processor\NXP\LPC17xx_40xx\K
eil4\LPC1788_startup.s

SSP0_IRQHandler 0000006C

Symbol: SSP0_IRQHandler
   Definitions
      At line 267 in file ..\..\..\..\..\..\Source\Processor\NXP\LPC17xx_40xx\K
eil4\LPC1788_startup.s
   Uses
      At line 90 in file ..\..\..\..\..\..\Source\Processor\NXP\LPC17xx_40xx\Ke
il4\LPC1788_startup.s
      At line 211 in file ..\..\..\..\..\..\Source\Processor\NXP\LPC17xx_40xx\K
eil4\LPC1788_startup.s




ARM Macro Assembler    Page 8 Alphabetic symbol ordering
Relocatable symbols

SSP1_IRQHandler 0000006E

Symbol: SSP1_IRQHandler
   Definitions
      At line 269 in file ..\..\..\..\..\..\Source\Processor\NXP\LPC17xx_40xx\K
eil4\LPC1788_startup.s
   Uses
      At line 91 in file ..\..\..\..\..\..\Source\Processor\NXP\LPC17xx_40xx\Ke
il4\LPC1788_startup.s
      At line 212 in file ..\..\..\..\..\..\Source\Processor\NXP\LPC17xx_40xx\K
eil4\LPC1788_startup.s

SSP2_IRQHandler 00000098

Symbol: SSP2_IRQHandler
   Definitions
      At line 311 in file ..\..\..\..\..\..\Source\Processor\NXP\LPC17xx_40xx\K
eil4\LPC1788_startup.s
   Uses
      At line 112 in file ..\..\..\..\..\..\Source\Processor\NXP\LPC17xx_40xx\K
eil4\LPC1788_startup.s
      At line 233 in file ..\..\..\..\..\..\Source\Processor\NXP\LPC17xx_40xx\K
eil4\LPC1788_startup.s

SVC_Handler 00000030

Symbol: SVC_Handler
   Definitions
      At line 173 in file ..\..\..\..\..\..\Source\Processor\NXP\LPC17xx_40xx\K
eil4\LPC1788_startup.s
   Uses
      None
Comment: SVC_Handler unused
SysTick_Handler 00000048

Symbol: SysTick_Handler
   Definitions
      At line 189 in file ..\..\..\..\..\..\Source\Processor\NXP\LPC17xx_40xx\K
eil4\LPC1788_startup.s
   Uses
      None
Comment: SysTick_Handler unused
TIMER0_IRQHandler 00000052

Symbol: TIMER0_IRQHandler
   Definitions
      At line 241 in file ..\..\..\..\..\..\Source\Processor\NXP\LPC17xx_40xx\K
eil4\LPC1788_startup.s
   Uses
      At line 77 in file ..\..\..\..\..\..\Source\Processor\NXP\LPC17xx_40xx\Ke
il4\LPC1788_startup.s
      At line 198 in file ..\..\..\..\..\..\Source\Processor\NXP\LPC17xx_40xx\K
eil4\LPC1788_startup.s

TIMER1_IRQHandler 00000054

Symbol: TIMER1_IRQHandler
   Definitions
      At line 243 in file ..\..\..\..\..\..\Source\Processor\NXP\LPC17xx_40xx\K



ARM Macro Assembler    Page 9 Alphabetic symbol ordering
Relocatable symbols

eil4\LPC1788_startup.s
   Uses
      At line 78 in file ..\..\..\..\..\..\Source\Processor\NXP\LPC17xx_40xx\Ke
il4\LPC1788_startup.s
      At line 199 in file ..\..\..\..\..\..\Source\Processor\NXP\LPC17xx_40xx\K
eil4\LPC1788_startup.s

TIMER2_IRQHandler 00000056

Symbol: TIMER2_IRQHandler
   Definitions
      At line 245 in file ..\..\..\..\..\..\Source\Processor\NXP\LPC17xx_40xx\K
eil4\LPC1788_startup.s
   Uses
      At line 79 in file ..\..\..\..\..\..\Source\Processor\NXP\LPC17xx_40xx\Ke
il4\LPC1788_startup.s
      At line 200 in file ..\..\..\..\..\..\Source\Processor\NXP\LPC17xx_40xx\K
eil4\LPC1788_startup.s

TIMER3_IRQHandler 00000058

Symbol: TIMER3_IRQHandler
   Definitions
      At line 247 in file ..\..\..\..\..\..\Source\Processor\NXP\LPC17xx_40xx\K
eil4\LPC1788_startup.s
   Uses
      At line 80 in file ..\..\..\..\..\..\Source\Processor\NXP\LPC17xx_40xx\Ke
il4\LPC1788_startup.s
      At line 201 in file ..\..\..\..\..\..\Source\Processor\NXP\LPC17xx_40xx\K
eil4\LPC1788_startup.s

UART0_IRQHandler 0000005A

Symbol: UART0_IRQHandler
   Definitions
      At line 249 in file ..\..\..\..\..\..\Source\Processor\NXP\LPC17xx_40xx\K
eil4\LPC1788_startup.s
   Uses
      At line 81 in file ..\..\..\..\..\..\Source\Processor\NXP\LPC17xx_40xx\Ke
il4\LPC1788_startup.s
      At line 202 in file ..\..\..\..\..\..\Source\Processor\NXP\LPC17xx_40xx\K
eil4\LPC1788_startup.s

UART1_IRQHandler 0000005C

Symbol: UART1_IRQHandler
   Definitions
      At line 251 in file ..\..\..\..\..\..\Source\Processor\NXP\LPC17xx_40xx\K
eil4\LPC1788_startup.s
   Uses
      At line 82 in file ..\..\..\..\..\..\Source\Processor\NXP\LPC17xx_40xx\Ke
il4\LPC1788_startup.s
      At line 203 in file ..\..\..\..\..\..\Source\Processor\NXP\LPC17xx_40xx\K
eil4\LPC1788_startup.s

UART2_IRQHandler 0000005E

Symbol: UART2_IRQHandler
   Definitions



ARM Macro Assembler    Page 10 Alphabetic symbol ordering
Relocatable symbols

      At line 253 in file ..\..\..\..\..\..\Source\Processor\NXP\LPC17xx_40xx\K
eil4\LPC1788_startup.s
   Uses
      At line 83 in file ..\..\..\..\..\..\Source\Processor\NXP\LPC17xx_40xx\Ke
il4\LPC1788_startup.s
      At line 204 in file ..\..\..\..\..\..\Source\Processor\NXP\LPC17xx_40xx\K
eil4\LPC1788_startup.s

UART3_IRQHandler 00000060

Symbol: UART3_IRQHandler
   Definitions
      At line 255 in file ..\..\..\..\..\..\Source\Processor\NXP\LPC17xx_40xx\K
eil4\LPC1788_startup.s
   Uses
      At line 84 in file ..\..\..\..\..\..\Source\Processor\NXP\LPC17xx_40xx\Ke
il4\LPC1788_startup.s
      At line 205 in file ..\..\..\..\..\..\Source\Processor\NXP\LPC17xx_40xx\K
eil4\LPC1788_startup.s

UART4_IRQHandler 00000096

Symbol: UART4_IRQHandler
   Definitions
      At line 309 in file ..\..\..\..\..\..\Source\Processor\NXP\LPC17xx_40xx\K
eil4\LPC1788_startup.s
   Uses
      At line 111 in file ..\..\..\..\..\..\Source\Processor\NXP\LPC17xx_40xx\K
eil4\LPC1788_startup.s
      At line 232 in file ..\..\..\..\..\..\Source\Processor\NXP\LPC17xx_40xx\K
eil4\LPC1788_startup.s

USBACT_IRQHandler 00000092

Symbol: USBACT_IRQHandler
   Definitions
      At line 305 in file ..\..\..\..\..\..\Source\Processor\NXP\LPC17xx_40xx\K
eil4\LPC1788_startup.s
   Uses
      At line 109 in file ..\..\..\..\..\..\Source\Processor\NXP\LPC17xx_40xx\K
eil4\LPC1788_startup.s
      At line 230 in file ..\..\..\..\..\..\Source\Processor\NXP\LPC17xx_40xx\K
eil4\LPC1788_startup.s

USB_IRQHandler 00000080

Symbol: USB_IRQHandler
   Definitions
      At line 287 in file ..\..\..\..\..\..\Source\Processor\NXP\LPC17xx_40xx\K
eil4\LPC1788_startup.s
   Uses
      At line 100 in file ..\..\..\..\..\..\Source\Processor\NXP\LPC17xx_40xx\K
eil4\LPC1788_startup.s
      At line 221 in file ..\..\..\..\..\..\Source\Processor\NXP\LPC17xx_40xx\K
eil4\LPC1788_startup.s

UsageFault_Handler 00000028

Symbol: UsageFault_Handler



ARM Macro Assembler    Page 11 Alphabetic symbol ordering
Relocatable symbols

   Definitions
      At line 168 in file ..\..\..\..\..\..\Source\Processor\NXP\LPC17xx_40xx\K
eil4\LPC1788_startup.s
   Uses
      At line 64 in file ..\..\..\..\..\..\Source\Processor\NXP\LPC17xx_40xx\Ke
il4\LPC1788_startup.s
Comment: UsageFault_Handler used once
WDT_IRQHandler 00000050

Symbol: WDT_IRQHandler
   Definitions
      At line 239 in file ..\..\..\..\..\..\Source\Processor\NXP\LPC17xx_40xx\K
eil4\LPC1788_startup.s
   Uses
      At line 76 in file ..\..\..\..\..\..\Source\Processor\NXP\LPC17xx_40xx\Ke
il4\LPC1788_startup.s
      At line 197 in file ..\..\..\..\..\..\Source\Processor\NXP\LPC17xx_40xx\K
eil4\LPC1788_startup.s

53 symbols



ARM Macro Assembler    Page 1 Alphabetic symbol ordering
Absolute symbols

Heap_Size 00070000

Symbol: Heap_Size
   Definitions
      At line 38 in file ..\..\..\..\..\..\Source\Processor\NXP\LPC17xx_40xx\Ke
il4\LPC1788_startup.s
   Uses
      At line 42 in file ..\..\..\..\..\..\Source\Processor\NXP\LPC17xx_40xx\Ke
il4\LPC1788_startup.s
Comment: Heap_Size used once
Stack_Size 00000800

Symbol: Stack_Size
   Definitions
      At line 27 in file ..\..\..\..\..\..\Source\Processor\NXP\LPC17xx_40xx\Ke
il4\LPC1788_startup.s
   Uses
      At line 30 in file ..\..\..\..\..\..\Source\Processor\NXP\LPC17xx_40xx\Ke
il4\LPC1788_startup.s
Comment: Stack_Size used once
2 symbols



ARM Macro Assembler    Page 1 Alphabetic symbol ordering
External symbols

SystemInit 00000000

Symbol: SystemInit
   Definitions
      At line 133 in file ..\..\..\..\..\..\Source\Processor\NXP\LPC17xx_40xx\K
eil4\LPC1788_startup.s
   Uses
      At line 134 in file ..\..\..\..\..\..\Source\Processor\NXP\LPC17xx_40xx\K
eil4\LPC1788_startup.s
Comment: SystemInit used once
UEZBSP_FatalError 00000000

Symbol: UEZBSP_FatalError
   Definitions
      At line 143 in file ..\..\..\..\..\..\Source\Processor\NXP\LPC17xx_40xx\K
eil4\LPC1788_startup.s
   Uses
      At line 147 in file ..\..\..\..\..\..\Source\Processor\NXP\LPC17xx_40xx\K
eil4\LPC1788_startup.s
      At line 153 in file ..\..\..\..\..\..\Source\Processor\NXP\LPC17xx_40xx\K
eil4\LPC1788_startup.s
      At line 159 in file ..\..\..\..\..\..\Source\Processor\NXP\LPC17xx_40xx\K
eil4\LPC1788_startup.s
      At line 165 in file ..\..\..\..\..\..\Source\Processor\NXP\LPC17xx_40xx\K
eil4\LPC1788_startup.s
      At line 171 in file ..\..\..\..\..\..\Source\Processor\NXP\LPC17xx_40xx\K
eil4\LPC1788_startup.s
      At line 176 in file ..\..\..\..\..\..\Source\Processor\NXP\LPC17xx_40xx\K
eil4\LPC1788_startup.s
      At line 182 in file ..\..\..\..\..\..\Source\Processor\NXP\LPC17xx_40xx\K
eil4\LPC1788_startup.s
      At line 187 in file ..\..\..\..\..\..\Source\Processor\NXP\LPC17xx_40xx\K
eil4\LPC1788_startup.s
      At line 192 in file ..\..\..\..\..\..\Source\Processor\NXP\LPC17xx_40xx\K
eil4\LPC1788_startup.s

__main 00000000

Symbol: __main
   Definitions
      At line 132 in file ..\..\..\..\..\..\Source\Processor\NXP\LPC17xx_40xx\K
eil4\LPC1788_startup.s
   Uses
      At line 136 in file ..\..\..\..\..\..\Source\Processor\NXP\LPC17xx_40xx\K
eil4\LPC1788_startup.s
Comment: __main used once
vPortSVCHandler 00000000

Symbol: vPortSVCHandler
   Definitions
      At line 55 in file ..\..\..\..\..\..\Source\Processor\NXP\LPC17xx_40xx\Ke
il4\LPC1788_startup.s
   Uses
      At line 69 in file ..\..\..\..\..\..\Source\Processor\NXP\LPC17xx_40xx\Ke
il4\LPC1788_startup.s
Comment: vPortSVCHandler used once
xPortPendSVHandler 00000000

Symbol: xPortPendSVHandler



ARM Macro Assembler    Page 2 Alphabetic symbol ordering
External symbols

   Definitions
      At line 56 in file ..\..\..\..\..\..\Source\Processor\NXP\LPC17xx_40xx\Ke
il4\LPC1788_startup.s
   Uses
      At line 72 in file ..\..\..\..\..\..\Source\Processor\NXP\LPC17xx_40xx\Ke
il4\LPC1788_startup.s
Comment: xPortPendSVHandler used once
xPortSysTickHandler 00000000

Symbol: xPortSysTickHandler
   Definitions
      At line 54 in file ..\..\..\..\..\..\Source\Processor\NXP\LPC17xx_40xx\Ke
il4\LPC1788_startup.s
   Uses
      At line 73 in file ..\..\..\..\..\..\Source\Processor\NXP\LPC17xx_40xx\Ke
il4\LPC1788_startup.s
Comment: xPortSysTickHandler used once
6 symbols
407 symbols in table
